<?xml version="1.0" encoding="UTF-8"?>
<testsuite xmlns:xsi="http://www.w3.org/2001/XMLSchema-instance" xsi:noNamespaceSchemaLocation="https://maven.apache.org/surefire/maven-surefire-plugin/xsd/surefire-test-report-3.0.xsd" version="3.0" name="com.ugurhan.beymen.test.BeymenTest" time="26.129" tests="1" errors="0" skipped="0" failures="0">
  <properties>
[...]
</properties>
  <testcase name="Beymen_Demo_Test_Case" classname="com.ugurhan.beymen.test.BeymenTest" time="21.881">
    <system-out><![CDATA[00:09:04.906 [main] DEBUG io.github.bonigarcia.wdm.WebDriverManager - Using WebDriverManager 5.6.2
00:09:05.183 [main] DEBUG io.github.bonigarcia.wdm.WebDriverManager - Driver chromedriver 120 found in cache
00:09:05.184 [main] INFO io.github.bonigarcia.wdm.WebDriverManager - Exporting webdriver.chrome.driver as /Users/ugurhanuslu/.cache/selenium/chromedriver/mac64/120/chromedriver
00:09:08.816 [main] INFO com.ugurhan.beymen.test.BaseTest - Browser has been started
00:09:11.873 [main] INFO com.ugurhan.beymen.functions.BaseFunctions - Beymen.com – Türkiye’nin Tek Dijital Lüks Platformu title is checked successfully
Beymen.com – Türkiye’nin Tek Dijital Lüks Platformu
00:09:11.960 [main] INFO com.ugurhan.beymen.functions.BaseFunctions - Element found By.id: onetrust-accept-btn-handler
00:09:12.204 [main] INFO com.ugurhan.beymen.functions.BaseFunctions - Element clicked By.id: onetrust-accept-btn-handler
00:09:12.204 [main] INFO com.ugurhan.beymen.functions.BaseFunctions - Clicked element: By.id: onetrust-accept-btn-handler
00:09:13.054 [main] INFO com.ugurhan.beymen.functions.BaseFunctions - Element found By.cssSelector: body > div.o-home > div:nth-child(6) > div.o-modal.genderPopup > div > div.o-modal__header > button
00:09:13.213 [main] INFO com.ugurhan.beymen.functions.BaseFunctions - Element clicked By.cssSelector: body > div.o-home > div:nth-child(6) > div.o-modal.genderPopup > div > div.o-modal__header > button
00:09:13.213 [main] INFO com.ugurhan.beymen.functions.BaseFunctions - Clicked element: By.cssSelector: body > div.o-home > div:nth-child(6) > div.o-modal.genderPopup > div > div.o-modal__header > button
00:09:13.800 [main] INFO com.ugurhan.beymen.functions.BaseFunctions - Element found By.className: o-header__search--input
00:09:13.829 [main] INFO com.ugurhan.beymen.functions.BaseFunctions - Element found By.className: o-header__search--input
00:09:14.068 [main] INFO com.ugurhan.beymen.functions.BaseFunctions - Text written By.className: o-header__search--input
00:09:15.126 [main] INFO com.ugurhan.beymen.functions.BaseFunctions - Element found By.id: o-searchSuggestion__input
00:09:15.154 [main] INFO com.ugurhan.beymen.functions.BaseFunctions - Element found By.id: o-searchSuggestion__input
00:09:15.198 [main] INFO com.ugurhan.beymen.functions.BaseFunctions - Element cleared By.id: o-searchSuggestion__input
00:09:15.198 [main] INFO com.ugurhan.beymen.functions.BaseFunctions - Clicked element: By.id: o-searchSuggestion__input
00:09:15.259 [main] INFO com.ugurhan.beymen.functions.BaseFunctions - Element found By.id: o-searchSuggestion__input
00:09:15.288 [main] INFO com.ugurhan.beymen.functions.BaseFunctions - Element found By.id: o-searchSuggestion__input
00:09:15.465 [main] INFO com.ugurhan.beymen.functions.BaseFunctions - Text written By.id: o-searchSuggestion__input
00:09:15.502 [main] INFO com.ugurhan.beymen.functions.BaseFunctions - Element found By.id: o-searchSuggestion__input
00:09:15.533 [main] INFO com.ugurhan.beymen.functions.BaseFunctions - Element found By.id: o-searchSuggestion__input
00:09:17.137 [main] INFO com.ugurhan.beymen.functions.BaseFunctions - Keyboard pressed ENTER
00:09:17.460 [main] INFO com.ugurhan.beymen.functions.BaseFunctions - Element found By.cssSelector: #productList > div:nth-child(25)
00:09:19.409 [main] INFO com.ugurhan.beymen.functions.BaseFunctions - Element clicked By.cssSelector: #productList > div:nth-child(25)
00:09:19.409 [main] INFO com.ugurhan.beymen.functions.BaseFunctions - Clicked element: By.cssSelector: #productList > div:nth-child(25)
00:09:21.443 [main] INFO com.ugurhan.beymen.functions.BaseFunctions - Element found By.className: o-productDetail__description
00:09:21.476 [main] INFO com.ugurhan.beymen.functions.BaseFunctions - Element found By.id: priceNew
00:09:21.503 [main] INFO com.ugurhan.beymen.functions.BaseFunctions - Written to TXT By.className: o-productDetail__descriptionandBy.id: priceNew
00:09:21.524 [main] INFO com.ugurhan.beymen.functions.BaseFunctions - Element found By.id: priceNew
00:09:21.662 [main] INFO com.ugurhan.beymen.functions.BaseFunctions - Element found By.xpath: //span[@class='m-variation__item'] | //span[@class='m-variation__item -criticalStock']
00:09:21.825 [main] INFO com.ugurhan.beymen.functions.BaseFunctions - Element clicked By.xpath: //span[@class='m-variation__item'] | //span[@class='m-variation__item -criticalStock']
00:09:21.825 [main] INFO com.ugurhan.beymen.functions.BaseFunctions - Clicked element: By.xpath: //span[@class='m-variation__item'] | //span[@class='m-variation__item -criticalStock']
00:09:21.873 [main] INFO com.ugurhan.beymen.functions.BaseFunctions - Element found By.id: addBasket
00:09:22.027 [main] INFO com.ugurhan.beymen.functions.BaseFunctions - Element clicked By.id: addBasket
00:09:22.027 [main] INFO com.ugurhan.beymen.functions.BaseFunctions - Clicked element: By.id: addBasket
00:09:22.438 [main] INFO com.ugurhan.beymen.functions.BaseFunctions - Element found By.xpath: //button[contains(text(),'Sepete Git')]
00:09:23.389 [main] INFO com.ugurhan.beymen.functions.BaseFunctions - Element clicked By.xpath: //button[contains(text(),'Sepete Git')]
00:09:23.389 [main] INFO com.ugurhan.beymen.functions.BaseFunctions - Clicked element: By.xpath: //button[contains(text(),'Sepete Git')]
00:09:24.324 [main] INFO com.ugurhan.beymen.functions.BaseFunctions - Element found By.className: m-productPrice__salePrice
00:09:24.410 [main] INFO com.ugurhan.beymen.functions.BaseFunctions - Element found By.id: quantitySelect0-key-0
00:09:24.626 [main] INFO com.ugurhan.beymen.functions.BaseFunctions - Element clicked By.id: quantitySelect0-key-0
00:09:24.626 [main] INFO com.ugurhan.beymen.functions.BaseFunctions - Clicked element: By.id: quantitySelect0-key-0
00:09:24.643 [main] INFO com.ugurhan.beymen.functions.BaseFunctions - Element exist By.xpath: //*[@id="quantitySelect0-key-0"]/option[2]
00:09:24.694 [main] INFO com.ugurhan.beymen.functions.BaseFunctions - Element found By.id: quantitySelect0-key-0
00:09:25.161 [main] INFO com.ugurhan.beymen.functions.BaseFunctions - Value set 2
00:09:27.213 [main] INFO com.ugurhan.beymen.functions.BaseFunctions - Element found By.cssSelector: #quantitySelect0-key-0 > option:nth-child(2)
00:09:27.272 [main] INFO com.ugurhan.beymen.functions.BaseFunctions - Element found By.id: removeCartItemBtn0-key-0
00:09:27.653 [main] INFO com.ugurhan.beymen.functions.BaseFunctions - Element clicked By.id: removeCartItemBtn0-key-0
00:09:27.653 [main] INFO com.ugurhan.beymen.functions.BaseFunctions - Clicked element: By.id: removeCartItemBtn0-key-0
00:09:30.693 [main] INFO com.ugurhan.beymen.functions.BaseFunctions - Element found By.className: m-empty__messageTitle
]]></system-out>
  </testcase>
</testsuite>